<?xml version="1.0" encoding="UTF-8"?>
<!-- Generated by org.testng.reporters.JUnitXMLReporter -->
<testsuite ignored="0" hostname="DESKTOP-Venky" failures="0" tests="3" name="Test" time="72.665" errors="0" timestamp="2024-09-26T20:51:42 IST">
  <testcase classname="fb_test.Registration_FaceBook" name="registrationFB" time="17.817"/>
  <testcase classname="fb_test.Login_Facebook" name="logintoFacebook" time="18.258"/>
  <testcase classname="fb_test.HomePage_Facebook" name="searchFriend" time="36.494"/>
</testsuite> <!-- Test -->
