<?xml version="1.0" encoding="UTF-8"?>
<testng-results ignored="0" total="3" passed="3" failed="0" skipped="0">
  <reporter-output>
  </reporter-output>
  <suite started-at="2024-09-26T20:50:29 IST" name="Suite" finished-at="2024-09-26T20:51:41 IST" duration-ms="72665">
    <groups>
    </groups>
    <test started-at="2024-09-26T20:50:29 IST" name="Test" finished-at="2024-09-26T20:51:41 IST" duration-ms="72665">
      <class name="fb_test.Registration_FaceBook">
        <test-method signature="registrationFB()[pri:0, instance:fb_test.Registration_FaceBook@28eaa59a]" started-at="2024-09-26T20:50:29 IST" name="registrationFB" finished-at="2024-09-26T20:50:46 IST" duration-ms="17817" status="PASS">
          <reporter-output>
          </reporter-output>
        </test-method> <!-- registrationFB -->
      </class> <!-- fb_test.Registration_FaceBook -->
      <class name="fb_test.HomePage_Facebook">
        <test-method signature="searchFriend()[pri:0, instance:fb_test.HomePage_Facebook@7722c3c3]" started-at="2024-09-26T20:51:05 IST" name="searchFriend" finished-at="2024-09-26T20:51:41 IST" duration-ms="36494" status="PASS">
          <reporter-output>
          </reporter-output>
        </test-method> <!-- searchFriend -->
      </class> <!-- fb_test.HomePage_Facebook -->
      <class name="fb_test.Login_Facebook">
        <test-method signature="logintoFacebook()[pri:0, instance:fb_test.Login_Facebook@68999068]" started-at="2024-09-26T20:50:47 IST" name="logintoFacebook" finished-at="2024-09-26T20:51:05 IST" duration-ms="18258" status="PASS">
          <reporter-output>
          </reporter-output>
        </test-method> <!-- logintoFacebook -->
      </class> <!-- fb_test.Login_Facebook -->
    </test> <!-- Test -->
  </suite> <!-- Suite -->
</testng-results>
